
/home/runner/work/exp-formwork-for-foundation-iitd/exp-formwork-for-foundation-iitd/experiment/simulation/js/layout.js
   9:10  warning  'nextDrawerItem' is defined but never used  no-unused-vars
  20:10  warning  'backDrawerItem' is defined but never used  no-unused-vars

/home/runner/work/exp-formwork-for-foundation-iitd/exp-formwork-for-foundation-iitd/experiment/simulation/js/main.js
   189:7   warning  'ChartGraph' is assigned a value but never used     no-unused-vars
   193:6   warning  'Graph1' is not defined                             no-undef
   197:6   warning  'Graph2' is not defined                             no-undef
   201:6   warning  'Graph3' is not defined                             no-undef
   205:6   warning  'Graph4' is not defined                             no-undef
   221:23  warning  'Chart' is not defined                              no-undef
   255:5   warning  'isPerformNext' is assigned a value but never used  no-unused-vars
   280:7   warning  'opacity' is assigned a value but never used        no-unused-vars
   286:7   warning  'hideAll' is assigned a value but never used        no-unused-vars
   286:28  warning  'disp' is assigned a value but never used           no-unused-vars
   292:7   warning  'showAll' is assigned a value but never used        no-unused-vars
   292:28  warning  'disp' is assigned a value but never used           no-unused-vars
   299:7   warning  'set' is assigned a value but never used            no-unused-vars
   332:29  warning  'speed' is assigned a value but never used          no-unused-vars
   339:15  warning  'Typed' is not defined                              no-undef
   360:19  warning  'src' is not defined                                no-undef
   492:17  warning  'anime' is not defined                              no-undef
   646:10  warning  'cursorPointer' is defined but never used           no-unused-vars
   800:5   warning  Duplicate key 'foot_adapter1'                       no-dupe-keys
   801:5   warning  Duplicate key 'foot_adapter2'                       no-dupe-keys
   802:5   warning  Duplicate key 'foot_adapter3'                       no-dupe-keys
   816:10  warning  'i' is not defined                                  no-undef
   817:18  warning  'i' is not defined                                  no-undef
   819:10  warning  'i' is not defined                                  no-undef
   820:11  warning  'i' is not defined                                  no-undef
   820:28  warning  'i' is not defined                                  no-undef
   820:48  warning  'i' is not defined                                  no-undef
   823:25  warning  'i' is not defined                                  no-undef
   847:6   warning  'intro' is not defined                              no-undef
   875:18  warning  'anime' is not defined                              no-undef
   897:15  warning  'intru' is not defined                              no-undef
   897:27  warning  'Typed' is not defined                              no-undef
   915:16  warning  'intru' is not defined                              no-undef
   931:6   warning  'objective' is not defined                          no-undef
   978:5   warning  'anime' is not defined                              no-undef
   990:6   warning  'step1' is not defined                              no-undef
  1028:9   warning  'anime' is not defined                              no-undef
  1123:6   warning  'step2' is not defined                              no-undef
  1150:9   warning  'anime' is not defined                              no-undef
  1164:9   warning  'anime' is not defined                              no-undef
  1177:9   warning  'anime' is not defined                              no-undef
  1202:6   warning  'step3' is not defined                              no-undef
  1261:13  warning  'anime' is not defined                              no-undef
  1275:13  warning  'anime' is not defined                              no-undef
  1291:13  warning  'anime' is not defined                              no-undef
  1305:13  warning  'anime' is not defined                              no-undef
  1315:13  warning  'anime' is not defined                              no-undef
  1334:13  warning  'anime' is not defined                              no-undef
  1366:13  warning  'anime' is not defined                              no-undef
  1396:13  warning  'anime' is not defined                              no-undef
  1426:15  warning  'anime' is not defined                              no-undef
  1495:6   warning  'step4' is not defined                              no-undef
  1573:11  warning  'anime' is not defined                              no-undef
  1587:11  warning  'anime' is not defined                              no-undef
  1607:11  warning  'anime' is not defined                              no-undef
  1638:11  warning  'anime' is not defined                              no-undef
  1688:6   warning  'step5' is not defined                              no-undef
  1822:11  warning  'anime' is not defined                              no-undef
  1842:11  warning  'anime' is not defined                              no-undef
  1858:11  warning  'anime' is not defined                              no-undef
  1881:11  warning  'anime' is not defined                              no-undef
  1895:11  warning  'anime' is not defined                              no-undef
  1905:11  warning  'anime' is not defined                              no-undef
  1924:11  warning  'anime' is not defined                              no-undef
  1948:11  warning  'anime' is not defined                              no-undef
  1968:11  warning  'anime' is not defined                              no-undef
  1995:11  warning  'anime' is not defined                              no-undef
  2019:11  warning  'anime' is not defined                              no-undef
  2039:11  warning  'anime' is not defined                              no-undef
  2082:7   warning  'anime' is not defined                              no-undef
  2125:6   warning  'step6' is not defined                              no-undef
  2260:11  warning  'anime' is not defined                              no-undef
  2281:11  warning  'anime' is not defined                              no-undef
  2298:11  warning  'anime' is not defined                              no-undef
  2321:11  warning  'anime' is not defined                              no-undef
  2334:11  warning  'anime' is not defined                              no-undef
  2343:11  warning  'anime' is not defined                              no-undef
  2358:11  warning  'rotationCount' is assigned a value but never used  no-unused-vars
  2361:11  warning  'anime' is not defined                              no-undef
  2392:11  warning  'anime' is not defined                              no-undef
  2425:11  warning  'anime' is not defined                              no-undef
  2481:6   warning  'step7' is not defined                              no-undef
  2505:7   warning  'anime' is not defined                              no-undef
  2515:7   warning  'anime' is not defined                              no-undef
  2526:7   warning  'anime' is not defined                              no-undef
  2560:6   warning  'completed' is not defined                          no-undef
  2597:7   warning  'backDrawerItem' is not defined                     no-undef
  2598:7   warning  'backProgressBar' is not defined                    no-undef
  2608:9   warning  'nextDrawerItem' is not defined                     no-undef
  2609:9   warning  'nextProgressBar' is not defined                    no-undef
  2612:12  warning  Empty block statement                               no-empty

/home/runner/work/exp-formwork-for-foundation-iitd/exp-formwork-for-foundation-iitd/experiment/simulation/js/progressBar.js
   2:7  warning  'prevBtns' is assigned a value but never used         no-unused-vars
   3:7  warning  'nextBtns' is assigned a value but never used         no-unused-vars
  12:7  warning  'nextProgressBar' is assigned a value but never used  no-unused-vars
  19:7  warning  'backProgressBar' is assigned a value but never used  no-unused-vars

/home/runner/work/exp-formwork-for-foundation-iitd/exp-formwork-for-foundation-iitd/experiment/simulation/js/src.js
  115:7  warning  Duplicate key 'foot_adapter1'  no-dupe-keys
  116:7  warning  Duplicate key 'foot_adapter2'  no-dupe-keys
  117:7  warning  Duplicate key 'foot_adapter3'  no-dupe-keys

✖ 100 problems (0 errors, 100 warnings)

